2025-02-24 15:12:01,721 - LabelMaker - DEBUG - Window manager initialized
None
2025-02-24 15:12:01,721 - LabelMaker - DEBUG - Window icon manager initialized
None
2025-02-24 15:12:01,726 - LabelMaker - DEBUG - Barcode generator initialized
None
2025-02-24 15:12:01,726 - LabelMaker - DEBUG - Undo/Redo manager initialized
None
2025-02-24 15:12:10,191 - LabelMaker - INFO - Application shutting down
None
2025-02-24 15:13:54,610 - LabelMaker - DEBUG - Window manager initialized
None
2025-02-24 15:13:54,611 - LabelMaker - DEBUG - Window icon manager initialized
None
2025-02-24 15:13:54,615 - LabelMaker - DEBUG - Barcode generator initialized
None
2025-02-24 15:13:54,618 - LabelMaker - DEBUG - Undo/Redo manager initialized
None
2025-02-24 15:14:26,575 - LabelMaker - INFO - Application shutting down
None
2025-02-24 15:14:49,326 - LabelMaker - DEBUG - Window manager initialized
None
2025-02-24 15:14:49,326 - LabelMaker - DEBUG - Window icon manager initialized
None
2025-02-24 15:14:49,330 - LabelMaker - DEBUG - Barcode generator initialized
None
2025-02-24 15:14:49,330 - LabelMaker - DEBUG - Undo/Redo manager initialized
None
2025-02-24 15:15:02,383 - LabelMaker - INFO - Application shutting down
None
2025-02-24 15:15:04,165 - LabelMaker - DEBUG - Window manager initialized
None
2025-02-24 15:15:04,165 - LabelMaker - DEBUG - Window icon manager initialized
None
2025-02-24 15:15:04,169 - LabelMaker - DEBUG - Barcode generator initialized
None
2025-02-24 15:15:04,169 - LabelMaker - DEBUG - Undo/Redo manager initialized
None
2025-02-24 15:16:05,361 - LabelMaker - INFO - Application shutting down
None
2025-02-24 15:18:37,785 - LabelMaker - DEBUG - Window manager initialized
None
2025-02-24 15:18:37,786 - LabelMaker - DEBUG - Window icon manager initialized
None
2025-02-24 15:18:37,790 - LabelMaker - DEBUG - Barcode generator initialized
None
2025-02-24 15:18:37,790 - LabelMaker - DEBUG - Undo/Redo manager initialized
None
2025-02-24 15:19:32,661 - LabelMaker - INFO - Application shutting down
None
2025-02-24 15:20:40,772 - LabelMaker - DEBUG - Window manager initialized
None
2025-02-24 15:20:40,772 - LabelMaker - DEBUG - Window icon manager initialized
None
2025-02-24 15:20:40,777 - LabelMaker - DEBUG - Barcode generator initialized
None
2025-02-24 15:20:40,778 - LabelMaker - DEBUG - Undo/Redo manager initialized
None
2025-02-24 15:20:50,317 - LabelMaker - INFO - Application shutting down
None
