2025-03-12 10:37:06,683 - LabelMaker - INFO - Application shutting down
2025-03-12 10:39:05,817 - LabelMaker - INFO - Application shutting down
2025-03-12 10:44:09,099 - LabelMaker - INFO - Application shutting down
2025-03-12 10:44:16,398 - LabelMaker - INFO - Application shutting down
2025-03-12 10:44:42,259 - LabelMaker - INFO - Application shutting down
2025-03-12 10:46:27,914 - LabelMaker - INFO - Application shutting down
2025-03-12 10:47:25,752 - LabelMaker - INFO - Application shutting down
2025-03-12 10:48:07,196 - LabelMaker - INFO - Application shutting down
2025-03-12 11:12:24,107 - LabelMaker - INFO - Application shutting down
2025-03-12 11:13:29,001 - LabelMaker - INFO - Application shutting down
2025-03-12 11:13:38,601 - LabelMaker - INFO - Application shutting down
2025-03-12 11:21:42,249 - LabelMaker - INFO - Application shutting down
2025-03-12 11:21:44,796 - LabelMaker - INFO - Application shutting down
2025-03-12 11:21:46,748 - LabelMaker - INFO - Application shutting down
2025-03-12 11:23:37,423 - LabelMaker - INFO - Application shutting down
2025-03-12 11:23:37,887 - LabelMaker - INFO - Application shutting down
2025-03-12 11:28:25,539 - LabelMaker - INFO - File association created successfully
2025-03-12 11:28:54,152 - LabelMaker - INFO - File association created successfully
2025-03-12 11:30:05,316 - LabelMaker - INFO - Application shutting down
2025-03-12 11:30:06,179 - LabelMaker - INFO - Application shutting down
2025-03-12 12:29:13,544 - LabelMaker - INFO - File association created successfully
2025-03-12 14:26:49,364 - LabelMaker - INFO - File association created successfully
2025-03-12 14:30:51,574 - LabelMaker - INFO - Application shutting down
2025-03-12 14:30:52,559 - LabelMaker - INFO - Application shutting down
2025-03-12 14:35:31,015 - LabelMaker - INFO - Started listening for other instances
2025-03-12 14:35:31,015 - LabelMaker - INFO - First instance of application started
2025-03-12 14:35:31,080 - LabelMaker - INFO - App reference set in SingleInstanceApp
2025-03-12 14:35:31,085 - LabelMaker - INFO - File association created successfully
2025-03-12 14:35:39,027 - LabelMaker - INFO - Started listening for other instances
2025-03-12 14:35:39,027 - LabelMaker - INFO - First instance of application started
2025-03-12 14:35:39,118 - LabelMaker - INFO - App reference set in SingleInstanceApp
2025-03-12 14:35:39,122 - LabelMaker - INFO - File association created successfully
2025-03-12 14:35:41,413 - LabelMaker - INFO - Socket closed during cleanup
2025-03-12 14:35:41,413 - LabelMaker - ERROR - Error in listener thread: [WinError 10038] An operation was attempted on something that is not a socket
2025-03-12 14:35:41,413 - LabelMaker - INFO - Application shutting down
2025-03-12 14:39:41,318 - LabelMaker - INFO - First instance of application started (mutex created)
2025-03-12 14:39:41,321 - LabelMaker - INFO - Started listening for other instances
2025-03-12 14:39:41,321 - LabelMaker - INFO - First instance of application started (socket bound)
2025-03-12 14:39:41,429 - LabelMaker - INFO - App reference set in SingleInstanceApp
2025-03-12 14:39:41,433 - LabelMaker - INFO - File association created successfully
2025-03-12 14:39:47,549 - LabelMaker - INFO - Socket closed during cleanup
2025-03-12 14:39:47,549 - LabelMaker - ERROR - Error in listener thread: [WinError 10038] An operation was attempted on something that is not a socket
2025-03-12 14:39:47,549 - LabelMaker - INFO - Application shutting down
2025-03-12 14:39:48,440 - LabelMaker - ERROR - Error in listener thread: [WinError 10038] An operation was attempted on something that is not a socket
2025-03-12 14:39:48,440 - LabelMaker - INFO - Socket closed during cleanup
2025-03-12 14:39:48,441 - LabelMaker - INFO - Mutex released during cleanup
2025-03-12 14:39:48,441 - LabelMaker - INFO - Application shutting down
2025-03-12 14:41:59,631 - LabelMaker - INFO - First instance of application started (mutex created)
2025-03-12 14:41:59,715 - LabelMaker - INFO - App reference set in SingleInstanceApp
2025-03-12 14:41:59,718 - LabelMaker - INFO - File association created successfully
2025-03-12 14:42:02,677 - LabelMaker - INFO - Another instance is already running (detected by mutex)
2025-03-12 14:42:02,677 - LabelMaker - INFO - Application is already running. Exiting.
2025-03-12 14:42:07,127 - LabelMaker - INFO - Application shutting down
