2025-02-24 15:12:01,721 - LabelMaker - DEBUG - Window manager initialized
None
2025-02-24 15:12:01,721 - LabelMaker - DEBUG - Window icon manager initialized
None
2025-02-24 15:12:01,726 - LabelMaker - DEBUG - Barcode generator initialized
None
2025-02-24 15:12:01,726 - LabelMaker - DEBUG - Undo/Redo manager initialized
None
2025-02-24 15:12:10,191 - LabelMaker - INFO - Application shutting down
None
2025-02-24 15:13:54,610 - LabelMaker - DEBUG - Window manager initialized
None
2025-02-24 15:13:54,611 - LabelMaker - DEBUG - Window icon manager initialized
None
2025-02-24 15:13:54,615 - LabelMaker - DEBUG - Barcode generator initialized
None
2025-02-24 15:13:54,618 - LabelMaker - DEBUG - Undo/Redo manager initialized
None
2025-02-24 15:14:26,575 - LabelMaker - INFO - Application shutting down
None
2025-02-24 15:14:49,326 - LabelMaker - DEBUG - Window manager initialized
None
2025-02-24 15:14:49,326 - LabelMaker - DEBUG - Window icon manager initialized
None
2025-02-24 15:14:49,330 - LabelMaker - DEBUG - Barcode generator initialized
None
2025-02-24 15:14:49,330 - LabelMaker - DEBUG - Undo/Redo manager initialized
None
2025-02-24 15:15:02,383 - LabelMaker - INFO - Application shutting down
None
2025-02-24 15:15:04,165 - LabelMaker - DEBUG - Window manager initialized
None
2025-02-24 15:15:04,165 - LabelMaker - DEBUG - Window icon manager initialized
None
2025-02-24 15:15:04,169 - LabelMaker - DEBUG - Barcode generator initialized
None
2025-02-24 15:15:04,169 - LabelMaker - DEBUG - Undo/Redo manager initialized
None
2025-02-24 15:16:05,361 - LabelMaker - INFO - Application shutting down
None
2025-02-24 15:18:37,785 - LabelMaker - DEBUG - Window manager initialized
None
2025-02-24 15:18:37,786 - LabelMaker - DEBUG - Window icon manager initialized
None
2025-02-24 15:18:37,790 - LabelMaker - DEBUG - Barcode generator initialized
None
2025-02-24 15:18:37,790 - LabelMaker - DEBUG - Undo/Redo manager initialized
None
2025-02-24 15:19:32,661 - LabelMaker - INFO - Application shutting down
None
2025-02-24 15:20:40,772 - LabelMaker - DEBUG - Window manager initialized
None
2025-02-24 15:20:40,772 - LabelMaker - DEBUG - Window icon manager initialized
None
2025-02-24 15:20:40,777 - LabelMaker - DEBUG - Barcode generator initialized
None
2025-02-24 15:20:40,778 - LabelMaker - DEBUG - Undo/Redo manager initialized
None
2025-02-24 15:20:50,317 - LabelMaker - INFO - Application shutting down
None
2025-02-24 15:25:16,740 - LabelMaker - DEBUG - Window manager initialized
None
2025-02-24 15:25:16,740 - LabelMaker - DEBUG - Window icon manager initialized
None
2025-02-24 15:25:16,743 - LabelMaker - DEBUG - Barcode generator initialized
None
2025-02-24 15:25:16,744 - LabelMaker - DEBUG - Undo/Redo manager initialized
None
2025-02-24 15:25:21,999 - LabelMaker - INFO - Application shutting down
None
2025-02-24 15:27:38,154 - LabelMaker - DEBUG - Window manager initialized
None
2025-02-24 15:27:38,154 - LabelMaker - DEBUG - Window icon manager initialized
None
2025-02-24 15:27:38,158 - LabelMaker - DEBUG - Barcode generator initialized
None
2025-02-24 15:27:38,158 - LabelMaker - DEBUG - Undo/Redo manager initialized
None
2025-02-24 15:29:30,505 - LabelMaker - DEBUG - Window manager initialized
None
2025-02-24 15:29:30,505 - LabelMaker - DEBUG - Window icon manager initialized
None
2025-02-24 15:29:30,509 - LabelMaker - DEBUG - Barcode generator initialized
None
2025-02-24 15:29:30,509 - LabelMaker - DEBUG - Undo/Redo manager initialized
None
2025-02-24 15:30:18,942 - LabelMaker - DEBUG - Window manager initialized
None
2025-02-24 15:30:18,942 - LabelMaker - DEBUG - Window icon manager initialized
None
2025-02-24 15:30:18,945 - LabelMaker - DEBUG - Barcode generator initialized
None
2025-02-24 15:30:18,945 - LabelMaker - DEBUG - Undo/Redo manager initialized
None
2025-02-24 15:39:25,419 - LabelMaker - DEBUG - Window manager initialized
None
2025-02-24 15:39:25,420 - LabelMaker - DEBUG - Window icon manager initialized
None
2025-02-24 15:39:25,454 - LabelMaker - DEBUG - Barcode generator initialized
None
2025-02-24 15:39:25,454 - LabelMaker - DEBUG - Undo/Redo manager initialized
None
2025-02-24 15:39:33,992 - LabelMaker - DEBUG - Window manager initialized
None
2025-02-24 15:39:33,992 - LabelMaker - DEBUG - Window icon manager initialized
None
2025-02-24 15:39:33,996 - LabelMaker - DEBUG - Barcode generator initialized
None
2025-02-24 15:39:33,996 - LabelMaker - DEBUG - Undo/Redo manager initialized
None
2025-02-24 15:40:46,635 - LabelMaker - DEBUG - Window manager initialized
None
2025-02-24 15:40:46,635 - LabelMaker - DEBUG - Window icon manager initialized
None
2025-02-24 15:40:46,639 - LabelMaker - DEBUG - Barcode generator initialized
None
2025-02-24 15:40:46,639 - LabelMaker - DEBUG - Undo/Redo manager initialized
None
2025-02-24 15:46:02,854 - LabelMaker - DEBUG - Window manager initialized
None
2025-02-24 15:46:02,854 - LabelMaker - DEBUG - Window icon manager initialized
None
2025-02-24 15:46:02,858 - LabelMaker - DEBUG - Barcode generator initialized
None
2025-02-24 15:46:02,859 - LabelMaker - DEBUG - Undo/Redo manager initialized
None
2025-02-24 15:53:30,186 - LabelMaker - DEBUG - Window manager initialized
None
2025-02-24 15:53:30,187 - LabelMaker - DEBUG - Window icon manager initialized
None
2025-02-24 15:53:30,227 - LabelMaker - DEBUG - Barcode generator initialized
None
2025-02-24 15:53:30,227 - LabelMaker - DEBUG - Undo/Redo manager initialized
None
2025-02-24 15:56:19,274 - LabelMaker - DEBUG - Window manager initialized
None
2025-02-24 15:56:19,274 - LabelMaker - DEBUG - Window icon manager initialized
None
2025-02-24 15:56:19,278 - LabelMaker - DEBUG - Barcode generator initialized
None
2025-02-24 15:56:19,278 - LabelMaker - DEBUG - Undo/Redo manager initialized
None
2025-02-24 16:13:20,754 - LabelMaker - DEBUG - Window manager initialized
None
2025-02-24 16:13:20,754 - LabelMaker - DEBUG - Window icon manager initialized
None
2025-02-24 16:13:20,758 - LabelMaker - DEBUG - Barcode generator initialized
None
2025-02-24 16:13:20,758 - LabelMaker - DEBUG - Undo/Redo manager initialized
None
2025-02-24 16:20:19,015 - LabelMaker - DEBUG - Window manager initialized
None
2025-02-24 16:20:19,015 - LabelMaker - DEBUG - Window icon manager initialized
None
2025-02-24 16:20:19,042 - LabelMaker - DEBUG - Barcode generator initialized
None
2025-02-24 16:20:19,042 - LabelMaker - DEBUG - Undo/Redo manager initialized
None
2025-02-24 16:20:28,296 - LabelMaker - DEBUG - Window manager initialized
None
2025-02-24 16:20:28,296 - LabelMaker - DEBUG - Window icon manager initialized
None
2025-02-24 16:20:28,300 - LabelMaker - DEBUG - Barcode generator initialized
None
2025-02-24 16:20:28,300 - LabelMaker - DEBUG - Undo/Redo manager initialized
None
2025-02-24 16:24:27,790 - LabelMaker - DEBUG - Window manager initialized
None
2025-02-24 16:24:27,790 - LabelMaker - DEBUG - Window icon manager initialized
None
2025-02-24 16:24:27,794 - LabelMaker - DEBUG - Barcode generator initialized
None
2025-02-24 16:24:27,794 - LabelMaker - DEBUG - Undo/Redo manager initialized
None
2025-02-24 16:24:36,212 - LabelMaker - DEBUG - Window manager initialized
None
2025-02-24 16:24:36,213 - LabelMaker - DEBUG - Window icon manager initialized
None
2025-02-24 16:24:36,216 - LabelMaker - DEBUG - Barcode generator initialized
None
2025-02-24 16:24:36,216 - LabelMaker - DEBUG - Undo/Redo manager initialized
None
2025-02-24 16:25:26,871 - LabelMaker - DEBUG - Window manager initialized
None
2025-02-24 16:25:26,871 - LabelMaker - DEBUG - Window icon manager initialized
None
2025-02-24 16:25:26,875 - LabelMaker - DEBUG - Barcode generator initialized
None
2025-02-24 16:25:26,875 - LabelMaker - DEBUG - Undo/Redo manager initialized
None
2025-02-24 16:29:48,996 - LabelMaker - DEBUG - Window manager initialized
None
2025-02-24 16:29:48,996 - LabelMaker - DEBUG - Window icon manager initialized
None
2025-02-24 16:29:49,002 - LabelMaker - DEBUG - Barcode generator initialized
None
2025-02-24 16:29:49,002 - LabelMaker - DEBUG - Undo/Redo manager initialized
None
2025-02-24 16:30:01,660 - LabelMaker - DEBUG - Window manager initialized
None
2025-02-24 16:30:01,661 - LabelMaker - DEBUG - Window icon manager initialized
None
2025-02-24 16:30:01,664 - LabelMaker - DEBUG - Barcode generator initialized
None
2025-02-24 16:30:01,664 - LabelMaker - DEBUG - Undo/Redo manager initialized
None
2025-02-24 16:40:25,951 - LabelMaker - DEBUG - Window manager initialized
None
2025-02-24 16:40:25,951 - LabelMaker - DEBUG - Window icon manager initialized
None
2025-02-24 16:40:25,956 - LabelMaker - DEBUG - Barcode generator initialized
None
2025-02-24 16:40:25,956 - LabelMaker - DEBUG - Undo/Redo manager initialized
None
2025-02-24 17:06:51,598 - LabelMaker - DEBUG - Window manager initialized
None
2025-02-24 17:06:51,598 - LabelMaker - DEBUG - Window icon manager initialized
None
2025-02-24 17:06:51,629 - LabelMaker - DEBUG - Barcode generator initialized
None
2025-02-24 17:06:51,629 - LabelMaker - DEBUG - Undo/Redo manager initialized
None
