2025-02-18 09:57:53,751 - LabelMaker - INFO - Application shutting down
2025-02-18 09:58:17,353 - LabelMaker - ERROR - Failed to setup window: unknown option "-undo"
2025-02-18 09:58:17,353 - LabelMaker - ERROR - Fatal error: unknown option "-undo"
2025-02-18 09:58:19,595 - LabelMaker - INFO - Application shutting down
2025-02-18 10:05:06,825 - LabelMaker - ERROR - Failed to setup window: unknown option "-undo"
2025-02-18 10:05:06,825 - LabelMaker - ERROR - Fatal error: unknown option "-undo"
2025-02-18 10:05:09,513 - LabelMaker - INFO - Application shutting down
2025-02-18 10:09:48,535 - LabelMaker - INFO - Application shutting down
2025-02-18 10:10:43,204 - LabelMaker - INFO - Application shutting down
2025-02-18 10:11:35,958 - LabelMaker - INFO - Application shutting down
2025-02-18 10:19:11,890 - LabelMaker - INFO - Application shutting down
2025-02-18 10:32:28,513 - LabelMaker - ERROR - Failed to setup window: unknown option "-undo"
2025-02-18 10:32:28,514 - LabelMaker - ERROR - Fatal error: unknown option "-undo"
2025-02-18 10:32:30,213 - LabelMaker - INFO - Application shutting down
2025-02-18 10:40:02,647 - LabelMaker - ERROR - Failed to setup window: '_tkinter.tkapp' object has no attribute '_create_top_control_frame'
2025-02-18 10:40:02,647 - LabelMaker - ERROR - Fatal error: '_tkinter.tkapp' object has no attribute '_create_top_control_frame'
2025-02-18 10:40:04,436 - LabelMaker - INFO - Application shutting down
2025-02-18 10:44:37,683 - LabelMaker - ERROR - Failed to setup window: 'name_line1'
2025-02-18 10:44:37,684 - LabelMaker - ERROR - Fatal error: 'name_line1'
2025-02-18 10:44:39,475 - LabelMaker - INFO - Application shutting down
2025-02-18 10:51:50,172 - LabelMaker - INFO - Application shutting down
2025-02-18 11:05:26,876 - LabelMaker - INFO - Application shutting down
2025-02-18 11:09:38,860 - LabelMaker - INFO - Application shutting down
2025-02-18 11:24:49,978 - LabelMaker - INFO - Application shutting down
2025-02-18 11:29:48,322 - LabelMaker - INFO - Application shutting down
2025-02-18 11:30:20,961 - LabelMaker - INFO - Application shutting down
2025-02-18 11:33:24,546 - LabelMaker - INFO - Application shutting down
2025-02-18 11:38:46,630 - LabelMaker - INFO - Application shutting down
